<?xml version="1.0" encoding="UTF-8"?>
<testsuite xmlns:xsi="http://www.w3.org/2001/XMLSchema-instance" xsi:noNamespaceSchemaLocation="https://maven.apache.org/surefire/maven-surefire-plugin/xsd/surefire-test-report.xsd" name="com.nagarrow.statements.services.AccountServiceTest" time="0.018" tests="4" errors="0" skipped="0" failures="0">
  <properties>
[...]
</properties>
  <testcase name="testSearchStatementWithAmountFilter" classname="com.nagarrow.statements.services.AccountServiceTest" time="0.003"/>
  <testcase name="testSearchStatementWithNoResults" classname="com.nagarrow.statements.services.AccountServiceTest" time="0.002"/>
  <testcase name="testSearchStatementWithDateFilter" classname="com.nagarrow.statements.services.AccountServiceTest" time="0.002"/>
  <testcase name="testSearchStatementWithAllQueryParams" classname="com.nagarrow.statements.services.AccountServiceTest" time="0.002"/>
</testsuite>